06/16/2024 16:14:54 - INFO - SimCSE -   --------args----------
06/16/2024 16:14:54 - INFO - SimCSE -   train_file: ./data/English_train.txt
06/16/2024 16:14:54 - INFO - SimCSE -   PTM_root_path: ./PretrainedLM
06/16/2024 16:14:54 - INFO - SimCSE -   pretrained: bert-base-uncased
06/16/2024 16:14:54 - INFO - SimCSE -   num_proc: 5
06/16/2024 16:14:54 - INFO - SimCSE -   max_length: 128
06/16/2024 16:14:54 - INFO - SimCSE -   batch_size: 32
06/16/2024 16:14:54 - INFO - SimCSE -   epochs: 2
06/16/2024 16:14:54 - INFO - SimCSE -   learning_rate: 5e-06
06/16/2024 16:14:54 - INFO - SimCSE -   tau: 0.05
06/16/2024 16:14:54 - INFO - SimCSE -   display_interval: 50
06/16/2024 16:14:54 - INFO - SimCSE -   save_final: True
06/16/2024 16:14:54 - INFO - SimCSE -   pool_type: cls
06/16/2024 16:14:54 - INFO - SimCSE -   dropout_rate: 0.1
06/16/2024 16:14:54 - INFO - SimCSE -   n_gpu: 4
06/16/2024 16:14:54 - INFO - SimCSE -   --------args----------

06/16/2024 16:14:55 - INFO - SimCSE -   The size of dataset: 373156
06/16/2024 16:15:34 - INFO - SimCSE -   batch_idx: 50, loss:   0.029974
06/16/2024 16:15:42 - INFO - SimCSE -   batch_idx: 100, loss:   0.012518
06/16/2024 16:15:51 - INFO - SimCSE -   batch_idx: 150, loss:   0.014567
06/16/2024 16:15:58 - INFO - SimCSE -   batch_idx: 200, loss:   0.007204
06/16/2024 16:16:06 - INFO - SimCSE -   batch_idx: 250, loss:   0.006576
06/16/2024 16:16:15 - INFO - SimCSE -   batch_idx: 300, loss:   0.006332
06/16/2024 16:16:23 - INFO - SimCSE -   batch_idx: 350, loss:   0.006408
06/16/2024 16:16:30 - INFO - SimCSE -   batch_idx: 400, loss:   0.002976
06/16/2024 16:16:38 - INFO - SimCSE -   batch_idx: 450, loss:   0.003139
06/16/2024 16:16:45 - INFO - SimCSE -   batch_idx: 500, loss:   0.002789
06/16/2024 16:16:54 - INFO - SimCSE -   batch_idx: 550, loss:   0.000848
06/16/2024 16:17:02 - INFO - SimCSE -   batch_idx: 600, loss:   0.001779
06/16/2024 16:17:09 - INFO - SimCSE -   batch_idx: 650, loss:   0.000805
06/16/2024 16:17:18 - INFO - SimCSE -   batch_idx: 700, loss:   0.001647
06/16/2024 16:17:25 - INFO - SimCSE -   batch_idx: 750, loss:   0.001691
06/16/2024 16:17:32 - INFO - SimCSE -   batch_idx: 800, loss:   0.001702
06/16/2024 16:17:39 - INFO - SimCSE -   batch_idx: 850, loss:   0.001352
06/16/2024 16:17:46 - INFO - SimCSE -   batch_idx: 900, loss:   0.002343
06/16/2024 16:17:53 - INFO - SimCSE -   batch_idx: 950, loss:   0.000517
06/16/2024 16:18:01 - INFO - SimCSE -   batch_idx: 1000, loss:   0.000731
06/16/2024 16:18:08 - INFO - SimCSE -   batch_idx: 1050, loss:   0.001217
06/16/2024 16:18:15 - INFO - SimCSE -   batch_idx: 1100, loss:   0.000324
06/16/2024 16:18:24 - INFO - SimCSE -   batch_idx: 1150, loss:   0.000939
06/16/2024 16:18:31 - INFO - SimCSE -   batch_idx: 1200, loss:   0.000346
06/16/2024 16:18:38 - INFO - SimCSE -   batch_idx: 1250, loss:   0.000388
06/16/2024 16:18:45 - INFO - SimCSE -   batch_idx: 1300, loss:   0.000908
06/16/2024 16:18:52 - INFO - SimCSE -   batch_idx: 1350, loss:   0.001692
06/16/2024 16:18:59 - INFO - SimCSE -   batch_idx: 1400, loss:   0.000483
06/16/2024 16:19:06 - INFO - SimCSE -   batch_idx: 1450, loss:   0.000407
06/16/2024 16:19:13 - INFO - SimCSE -   batch_idx: 1500, loss:   0.000574
06/16/2024 16:19:20 - INFO - SimCSE -   batch_idx: 1550, loss:   0.000371
06/16/2024 16:19:27 - INFO - SimCSE -   batch_idx: 1600, loss:   0.000427
06/16/2024 16:19:34 - INFO - SimCSE -   batch_idx: 1650, loss:   0.001041
06/16/2024 16:19:41 - INFO - SimCSE -   batch_idx: 1700, loss:   0.000381
06/16/2024 16:19:48 - INFO - SimCSE -   batch_idx: 1750, loss:   0.000534
06/16/2024 16:19:55 - INFO - SimCSE -   batch_idx: 1800, loss:   0.000462
06/16/2024 16:20:02 - INFO - SimCSE -   batch_idx: 1850, loss:   0.001628
06/16/2024 16:20:09 - INFO - SimCSE -   batch_idx: 1900, loss:   0.000470
06/16/2024 16:20:16 - INFO - SimCSE -   batch_idx: 1950, loss:   0.000275
06/16/2024 16:20:25 - INFO - SimCSE -   batch_idx: 2000, loss:   0.001062
06/16/2024 16:20:32 - INFO - SimCSE -   batch_idx: 2050, loss:   0.000338
06/16/2024 16:20:39 - INFO - SimCSE -   batch_idx: 2100, loss:   0.000373
06/16/2024 16:20:46 - INFO - SimCSE -   batch_idx: 2150, loss:   0.000318
06/16/2024 16:20:53 - INFO - SimCSE -   batch_idx: 2200, loss:   0.000494
06/16/2024 16:21:00 - INFO - SimCSE -   batch_idx: 2250, loss:   0.000412
06/16/2024 16:21:07 - INFO - SimCSE -   batch_idx: 2300, loss:   0.000173
06/16/2024 16:21:16 - INFO - SimCSE -   batch_idx: 2350, loss:   0.000535
06/16/2024 16:21:23 - INFO - SimCSE -   batch_idx: 2400, loss:   0.000151
06/16/2024 16:21:31 - INFO - SimCSE -   batch_idx: 2450, loss:   0.000592
06/16/2024 16:21:38 - INFO - SimCSE -   batch_idx: 2500, loss:   0.000180
06/16/2024 16:21:45 - INFO - SimCSE -   batch_idx: 2550, loss:   0.000551
06/16/2024 16:21:52 - INFO - SimCSE -   batch_idx: 2600, loss:   0.001033
06/16/2024 16:21:59 - INFO - SimCSE -   batch_idx: 2650, loss:   0.000301
06/16/2024 16:22:06 - INFO - SimCSE -   batch_idx: 2700, loss:   0.000246
06/16/2024 16:22:14 - INFO - SimCSE -   batch_idx: 2750, loss:   0.000342
06/16/2024 16:22:21 - INFO - SimCSE -   batch_idx: 2800, loss:   0.000556
06/16/2024 16:22:28 - INFO - SimCSE -   batch_idx: 2850, loss:   0.000355
06/16/2024 16:22:35 - INFO - SimCSE -   batch_idx: 2900, loss:   0.000228
06/16/2024 16:22:42 - INFO - SimCSE -   batch_idx: 2950, loss:   0.000244
06/16/2024 16:22:49 - INFO - SimCSE -   batch_idx: 3000, loss:   0.000435
06/16/2024 16:22:56 - INFO - SimCSE -   batch_idx: 3050, loss:   0.000278
06/16/2024 16:23:03 - INFO - SimCSE -   batch_idx: 3100, loss:   0.000300
06/16/2024 16:23:10 - INFO - SimCSE -   batch_idx: 3150, loss:   0.000208
06/16/2024 16:23:17 - INFO - SimCSE -   batch_idx: 3200, loss:   0.000319
06/16/2024 16:23:24 - INFO - SimCSE -   batch_idx: 3250, loss:   0.000400
06/16/2024 16:23:31 - INFO - SimCSE -   batch_idx: 3300, loss:   0.000457
06/16/2024 16:23:38 - INFO - SimCSE -   batch_idx: 3350, loss:   0.000166
06/16/2024 16:23:45 - INFO - SimCSE -   batch_idx: 3400, loss:   0.000249
06/16/2024 16:23:52 - INFO - SimCSE -   batch_idx: 3450, loss:   0.000345
06/16/2024 16:23:59 - INFO - SimCSE -   batch_idx: 3500, loss:   0.000152
06/16/2024 16:24:06 - INFO - SimCSE -   batch_idx: 3550, loss:   0.000180
06/16/2024 16:24:14 - INFO - SimCSE -   batch_idx: 3600, loss:   0.000137
06/16/2024 16:24:22 - INFO - SimCSE -   batch_idx: 3650, loss:   0.000212
06/16/2024 16:24:29 - INFO - SimCSE -   batch_idx: 3700, loss:   0.000224
06/16/2024 16:24:36 - INFO - SimCSE -   batch_idx: 3750, loss:   0.000226
06/16/2024 16:24:43 - INFO - SimCSE -   batch_idx: 3800, loss:   0.000162
06/16/2024 16:24:50 - INFO - SimCSE -   batch_idx: 3850, loss:   0.000126
06/16/2024 16:24:58 - INFO - SimCSE -   batch_idx: 3900, loss:   0.000119
06/16/2024 16:25:07 - INFO - SimCSE -   batch_idx: 3950, loss:   0.000306
06/16/2024 16:25:14 - INFO - SimCSE -   batch_idx: 4000, loss:   0.000204
06/16/2024 16:25:21 - INFO - SimCSE -   batch_idx: 4050, loss:   0.000120
06/16/2024 16:25:28 - INFO - SimCSE -   batch_idx: 4100, loss:   0.000402
06/16/2024 16:25:35 - INFO - SimCSE -   batch_idx: 4150, loss:   0.000110
06/16/2024 16:25:44 - INFO - SimCSE -   batch_idx: 4200, loss:   0.000316
06/16/2024 16:25:51 - INFO - SimCSE -   batch_idx: 4250, loss:   0.000132
06/16/2024 16:25:58 - INFO - SimCSE -   batch_idx: 4300, loss:   0.000089
06/16/2024 16:26:06 - INFO - SimCSE -   batch_idx: 4350, loss:   0.000217
06/16/2024 16:26:13 - INFO - SimCSE -   batch_idx: 4400, loss:   0.000311
06/16/2024 16:26:20 - INFO - SimCSE -   batch_idx: 4450, loss:   0.000075
06/16/2024 16:26:29 - INFO - SimCSE -   batch_idx: 4500, loss:   0.000274
06/16/2024 16:26:36 - INFO - SimCSE -   batch_idx: 4550, loss:   0.000100
06/16/2024 16:26:43 - INFO - SimCSE -   batch_idx: 4600, loss:   0.000121
06/16/2024 16:26:50 - INFO - SimCSE -   batch_idx: 4650, loss:   0.000139
06/16/2024 16:26:57 - INFO - SimCSE -   batch_idx: 4700, loss:   0.000144
06/16/2024 16:27:04 - INFO - SimCSE -   batch_idx: 4750, loss:   0.000154
06/16/2024 16:27:11 - INFO - SimCSE -   batch_idx: 4800, loss:   0.000086
06/16/2024 16:27:19 - INFO - SimCSE -   batch_idx: 4850, loss:   0.000130
06/16/2024 16:27:26 - INFO - SimCSE -   batch_idx: 4900, loss:   0.000165
06/16/2024 16:27:33 - INFO - SimCSE -   batch_idx: 4950, loss:   0.000148
06/16/2024 16:27:40 - INFO - SimCSE -   batch_idx: 5000, loss:   0.000549
06/16/2024 16:27:47 - INFO - SimCSE -   batch_idx: 5050, loss:   0.000171
06/16/2024 16:27:54 - INFO - SimCSE -   batch_idx: 5100, loss:   0.000092
06/16/2024 16:28:01 - INFO - SimCSE -   batch_idx: 5150, loss:   0.000097
06/16/2024 16:28:08 - INFO - SimCSE -   batch_idx: 5200, loss:   0.000114
06/16/2024 16:28:15 - INFO - SimCSE -   batch_idx: 5250, loss:   0.000204
06/16/2024 16:28:22 - INFO - SimCSE -   batch_idx: 5300, loss:   0.000291
06/16/2024 16:28:29 - INFO - SimCSE -   batch_idx: 5350, loss:   0.000082
06/16/2024 16:28:36 - INFO - SimCSE -   batch_idx: 5400, loss:   0.000133
06/16/2024 16:28:43 - INFO - SimCSE -   batch_idx: 5450, loss:   0.000119
06/16/2024 16:28:50 - INFO - SimCSE -   batch_idx: 5500, loss:   0.000231
06/16/2024 16:28:57 - INFO - SimCSE -   batch_idx: 5550, loss:   0.000225
06/16/2024 16:29:05 - INFO - SimCSE -   batch_idx: 5600, loss:   0.000119
06/16/2024 16:29:12 - INFO - SimCSE -   batch_idx: 5650, loss:   0.000799
06/16/2024 16:29:19 - INFO - SimCSE -   batch_idx: 5700, loss:   0.000138
06/16/2024 16:29:26 - INFO - SimCSE -   batch_idx: 5750, loss:   0.000099
06/16/2024 16:29:33 - INFO - SimCSE -   batch_idx: 5800, loss:   0.000347
06/16/2024 16:29:40 - INFO - SimCSE -   batch_idx: 5850, loss:   0.000081
06/16/2024 16:29:47 - INFO - SimCSE -   batch_idx: 5900, loss:   0.000119
06/16/2024 16:29:54 - INFO - SimCSE -   batch_idx: 5950, loss:   0.000060
06/16/2024 16:30:03 - INFO - SimCSE -   batch_idx: 6000, loss:   0.000070
06/16/2024 16:30:10 - INFO - SimCSE -   batch_idx: 6050, loss:   0.000163
06/16/2024 16:30:17 - INFO - SimCSE -   batch_idx: 6100, loss:   0.000209
06/16/2024 16:30:24 - INFO - SimCSE -   batch_idx: 6150, loss:   0.000110
06/16/2024 16:30:31 - INFO - SimCSE -   batch_idx: 6200, loss:   0.000084
06/16/2024 16:30:38 - INFO - SimCSE -   batch_idx: 6250, loss:   0.000170
06/16/2024 16:30:45 - INFO - SimCSE -   batch_idx: 6300, loss:   0.000087
06/16/2024 16:30:52 - INFO - SimCSE -   batch_idx: 6350, loss:   0.000074
06/16/2024 16:30:59 - INFO - SimCSE -   batch_idx: 6400, loss:   0.000079
06/16/2024 16:31:06 - INFO - SimCSE -   batch_idx: 6450, loss:   0.000210
06/16/2024 16:31:13 - INFO - SimCSE -   batch_idx: 6500, loss:   0.000117
06/16/2024 16:31:20 - INFO - SimCSE -   batch_idx: 6550, loss:   0.000096
06/16/2024 16:31:27 - INFO - SimCSE -   batch_idx: 6600, loss:   0.000109
06/16/2024 16:31:34 - INFO - SimCSE -   batch_idx: 6650, loss:   0.000112
06/16/2024 16:31:41 - INFO - SimCSE -   batch_idx: 6700, loss:   0.000073
06/16/2024 16:31:48 - INFO - SimCSE -   batch_idx: 6750, loss:   0.000165
06/16/2024 16:31:55 - INFO - SimCSE -   batch_idx: 6800, loss:   0.000137
06/16/2024 16:32:02 - INFO - SimCSE -   batch_idx: 6850, loss:   0.000062
06/16/2024 16:32:09 - INFO - SimCSE -   batch_idx: 6900, loss:   0.000085
06/16/2024 16:32:16 - INFO - SimCSE -   batch_idx: 6950, loss:   0.000091
06/16/2024 16:32:23 - INFO - SimCSE -   batch_idx: 7000, loss:   0.000180
06/16/2024 16:32:30 - INFO - SimCSE -   batch_idx: 7050, loss:   0.000089
06/16/2024 16:32:37 - INFO - SimCSE -   batch_idx: 7100, loss:   0.000074
06/16/2024 16:32:44 - INFO - SimCSE -   batch_idx: 7150, loss:   0.000071
06/16/2024 16:32:51 - INFO - SimCSE -   batch_idx: 7200, loss:   0.000058
06/16/2024 16:33:00 - INFO - SimCSE -   batch_idx: 7250, loss:   0.000094
06/16/2024 16:33:07 - INFO - SimCSE -   batch_idx: 7300, loss:   0.000048
06/16/2024 16:33:16 - INFO - SimCSE -   batch_idx: 7350, loss:   0.000057
06/16/2024 16:33:23 - INFO - SimCSE -   batch_idx: 7400, loss:   0.000063
06/16/2024 16:33:30 - INFO - SimCSE -   batch_idx: 7450, loss:   0.000073
06/16/2024 16:33:37 - INFO - SimCSE -   batch_idx: 7500, loss:   0.000063
06/16/2024 16:33:44 - INFO - SimCSE -   batch_idx: 7550, loss:   0.000052
06/16/2024 16:33:51 - INFO - SimCSE -   batch_idx: 7600, loss:   0.000065
06/16/2024 16:33:58 - INFO - SimCSE -   batch_idx: 7650, loss:   0.000081
06/16/2024 16:34:05 - INFO - SimCSE -   batch_idx: 7700, loss:   0.000057
06/16/2024 16:34:12 - INFO - SimCSE -   batch_idx: 7750, loss:   0.000064
06/16/2024 16:34:19 - INFO - SimCSE -   batch_idx: 7800, loss:   0.000404
06/16/2024 16:34:26 - INFO - SimCSE -   batch_idx: 7850, loss:   0.000046
06/16/2024 16:34:35 - INFO - SimCSE -   batch_idx: 7900, loss:   0.000081
06/16/2024 16:34:42 - INFO - SimCSE -   batch_idx: 7950, loss:   0.000072
06/16/2024 16:34:49 - INFO - SimCSE -   batch_idx: 8000, loss:   0.000090
06/16/2024 16:34:56 - INFO - SimCSE -   batch_idx: 8050, loss:   0.000086
06/16/2024 16:35:03 - INFO - SimCSE -   batch_idx: 8100, loss:   0.000093
06/16/2024 16:35:10 - INFO - SimCSE -   batch_idx: 8150, loss:   0.000048
06/16/2024 16:35:17 - INFO - SimCSE -   batch_idx: 8200, loss:   0.000045
06/16/2024 16:35:25 - INFO - SimCSE -   batch_idx: 8250, loss:   0.000142
06/16/2024 16:35:32 - INFO - SimCSE -   batch_idx: 8300, loss:   0.000060
06/16/2024 16:35:40 - INFO - SimCSE -   batch_idx: 8350, loss:   0.000056
06/16/2024 16:35:47 - INFO - SimCSE -   batch_idx: 8400, loss:   0.000059
06/16/2024 16:35:54 - INFO - SimCSE -   batch_idx: 8450, loss:   0.000077
06/16/2024 16:36:01 - INFO - SimCSE -   batch_idx: 8500, loss:   0.000093
06/16/2024 16:36:08 - INFO - SimCSE -   batch_idx: 8550, loss:   0.000048
06/16/2024 16:36:15 - INFO - SimCSE -   batch_idx: 8600, loss:   0.000038
06/16/2024 16:36:23 - INFO - SimCSE -   batch_idx: 8650, loss:   0.000025
06/16/2024 16:36:32 - INFO - SimCSE -   batch_idx: 8700, loss:   0.000062
06/16/2024 16:36:39 - INFO - SimCSE -   batch_idx: 8750, loss:   0.000059
06/16/2024 16:36:46 - INFO - SimCSE -   batch_idx: 8800, loss:   0.000046
06/16/2024 16:36:53 - INFO - SimCSE -   batch_idx: 8850, loss:   0.000130
06/16/2024 16:37:00 - INFO - SimCSE -   batch_idx: 8900, loss:   0.000059
06/16/2024 16:37:07 - INFO - SimCSE -   batch_idx: 8950, loss:   0.000036
06/16/2024 16:37:14 - INFO - SimCSE -   batch_idx: 9000, loss:   0.000043
06/16/2024 16:37:21 - INFO - SimCSE -   batch_idx: 9050, loss:   0.000041
06/16/2024 16:37:28 - INFO - SimCSE -   batch_idx: 9100, loss:   0.000029
06/16/2024 16:37:35 - INFO - SimCSE -   batch_idx: 9150, loss:   0.000125
06/16/2024 16:37:42 - INFO - SimCSE -   batch_idx: 9200, loss:   0.000025
06/16/2024 16:37:51 - INFO - SimCSE -   batch_idx: 9250, loss:   0.000085
06/16/2024 16:37:58 - INFO - SimCSE -   batch_idx: 9300, loss:   0.000044
06/16/2024 16:38:05 - INFO - SimCSE -   batch_idx: 9350, loss:   0.000088
06/16/2024 16:38:12 - INFO - SimCSE -   batch_idx: 9400, loss:   0.000055
06/16/2024 16:38:19 - INFO - SimCSE -   batch_idx: 9450, loss:   0.000081
06/16/2024 16:38:26 - INFO - SimCSE -   batch_idx: 9500, loss:   0.000040
06/16/2024 16:38:33 - INFO - SimCSE -   batch_idx: 9550, loss:   0.000068
06/16/2024 16:38:40 - INFO - SimCSE -   batch_idx: 9600, loss:   0.000049
06/16/2024 16:38:47 - INFO - SimCSE -   batch_idx: 9650, loss:   0.000041
06/16/2024 16:38:54 - INFO - SimCSE -   batch_idx: 9700, loss:   0.000028
06/16/2024 16:39:01 - INFO - SimCSE -   batch_idx: 9750, loss:   0.000046
06/16/2024 16:39:08 - INFO - SimCSE -   batch_idx: 9800, loss:   0.000040
06/16/2024 16:39:15 - INFO - SimCSE -   batch_idx: 9850, loss:   0.000137
06/16/2024 16:39:22 - INFO - SimCSE -   batch_idx: 9900, loss:   0.000058
06/16/2024 16:39:29 - INFO - SimCSE -   batch_idx: 9950, loss:   0.000033
06/16/2024 16:39:36 - INFO - SimCSE -   batch_idx: 10000, loss:   0.000034
06/16/2024 16:39:43 - INFO - SimCSE -   batch_idx: 10050, loss:   0.000048
06/16/2024 16:39:50 - INFO - SimCSE -   batch_idx: 10100, loss:   0.000030
06/16/2024 16:39:58 - INFO - SimCSE -   batch_idx: 10150, loss:   0.000042
06/16/2024 16:40:05 - INFO - SimCSE -   batch_idx: 10200, loss:   0.000044
06/16/2024 16:40:12 - INFO - SimCSE -   batch_idx: 10250, loss:   0.000043
06/16/2024 16:40:19 - INFO - SimCSE -   batch_idx: 10300, loss:   0.000038
06/16/2024 16:40:26 - INFO - SimCSE -   batch_idx: 10350, loss:   0.000170
06/16/2024 16:40:33 - INFO - SimCSE -   batch_idx: 10400, loss:   0.000042
06/16/2024 16:40:40 - INFO - SimCSE -   batch_idx: 10450, loss:   0.000048
06/16/2024 16:40:47 - INFO - SimCSE -   batch_idx: 10500, loss:   0.000044
06/16/2024 16:40:54 - INFO - SimCSE -   batch_idx: 10550, loss:   0.000043
06/16/2024 16:41:01 - INFO - SimCSE -   batch_idx: 10600, loss:   0.000050
06/16/2024 16:41:08 - INFO - SimCSE -   batch_idx: 10650, loss:   0.000285
06/16/2024 16:41:15 - INFO - SimCSE -   batch_idx: 10700, loss:   0.000042
06/16/2024 16:41:22 - INFO - SimCSE -   batch_idx: 10750, loss:   0.000078
06/16/2024 16:41:29 - INFO - SimCSE -   batch_idx: 10800, loss:   0.000141
06/16/2024 16:41:36 - INFO - SimCSE -   batch_idx: 10850, loss:   0.000030
06/16/2024 16:41:43 - INFO - SimCSE -   batch_idx: 10900, loss:   0.000060
06/16/2024 16:41:50 - INFO - SimCSE -   batch_idx: 10950, loss:   0.000065
06/16/2024 16:41:58 - INFO - SimCSE -   batch_idx: 11000, loss:   0.000039
06/16/2024 16:42:05 - INFO - SimCSE -   batch_idx: 11050, loss:   0.000116
06/16/2024 16:42:12 - INFO - SimCSE -   batch_idx: 11100, loss:   0.000039
06/16/2024 16:42:19 - INFO - SimCSE -   batch_idx: 11150, loss:   0.000023
06/16/2024 16:42:28 - INFO - SimCSE -   batch_idx: 11200, loss:   0.000061
06/16/2024 16:42:35 - INFO - SimCSE -   batch_idx: 11250, loss:   0.000050
06/16/2024 16:42:42 - INFO - SimCSE -   batch_idx: 11300, loss:   0.000054
06/16/2024 16:42:49 - INFO - SimCSE -   batch_idx: 11350, loss:   0.000047
06/16/2024 16:42:56 - INFO - SimCSE -   batch_idx: 11400, loss:   0.000043
06/16/2024 16:43:03 - INFO - SimCSE -   batch_idx: 11450, loss:   0.000034
06/16/2024 16:43:10 - INFO - SimCSE -   batch_idx: 11500, loss:   0.000050
06/16/2024 16:43:17 - INFO - SimCSE -   batch_idx: 11550, loss:   0.000029
06/16/2024 16:43:24 - INFO - SimCSE -   batch_idx: 11600, loss:   0.000028
06/16/2024 16:43:31 - INFO - SimCSE -   batch_idx: 11650, loss:   0.000033
06/16/2024 16:43:38 - INFO - SimCSE -   batch_idx: 11700, loss:   0.000043
06/16/2024 16:43:45 - INFO - SimCSE -   batch_idx: 11750, loss:   0.000034
06/16/2024 16:43:52 - INFO - SimCSE -   batch_idx: 11800, loss:   0.000027
06/16/2024 16:43:59 - INFO - SimCSE -   batch_idx: 11850, loss:   0.000031
06/16/2024 16:44:06 - INFO - SimCSE -   batch_idx: 11900, loss:   0.000024
06/16/2024 16:44:13 - INFO - SimCSE -   batch_idx: 11950, loss:   0.000050
06/16/2024 16:44:20 - INFO - SimCSE -   batch_idx: 12000, loss:   0.000219
06/16/2024 16:44:27 - INFO - SimCSE -   batch_idx: 12050, loss:   0.000050
06/16/2024 16:44:34 - INFO - SimCSE -   batch_idx: 12100, loss:   0.000055
06/16/2024 16:44:42 - INFO - SimCSE -   batch_idx: 12150, loss:   0.000036
06/16/2024 16:44:49 - INFO - SimCSE -   batch_idx: 12200, loss:   0.000027
06/16/2024 16:44:56 - INFO - SimCSE -   batch_idx: 12250, loss:   0.000031
06/16/2024 16:45:03 - INFO - SimCSE -   batch_idx: 12300, loss:   0.000041
06/16/2024 16:45:10 - INFO - SimCSE -   batch_idx: 12350, loss:   0.000026
06/16/2024 16:45:17 - INFO - SimCSE -   batch_idx: 12400, loss:   0.000044
06/16/2024 16:45:24 - INFO - SimCSE -   batch_idx: 12450, loss:   0.000033
06/16/2024 16:45:31 - INFO - SimCSE -   batch_idx: 12500, loss:   0.000031
06/16/2024 16:45:38 - INFO - SimCSE -   batch_idx: 12550, loss:   0.000040
06/16/2024 16:45:45 - INFO - SimCSE -   batch_idx: 12600, loss:   0.000025
06/16/2024 16:45:52 - INFO - SimCSE -   batch_idx: 12650, loss:   0.000030
06/16/2024 16:45:59 - INFO - SimCSE -   batch_idx: 12700, loss:   0.000033
06/16/2024 16:46:06 - INFO - SimCSE -   batch_idx: 12750, loss:   0.000026
06/16/2024 16:46:13 - INFO - SimCSE -   batch_idx: 12800, loss:   0.000024
06/16/2024 16:46:20 - INFO - SimCSE -   batch_idx: 12850, loss:   0.000032
06/16/2024 16:46:27 - INFO - SimCSE -   batch_idx: 12900, loss:   0.000030
06/16/2024 16:46:34 - INFO - SimCSE -   batch_idx: 12950, loss:   0.000033
06/16/2024 16:46:41 - INFO - SimCSE -   batch_idx: 13000, loss:   0.000024
06/16/2024 16:46:48 - INFO - SimCSE -   batch_idx: 13050, loss:   0.000021
06/16/2024 16:46:57 - INFO - SimCSE -   batch_idx: 13100, loss:   0.000031
06/16/2024 16:47:04 - INFO - SimCSE -   batch_idx: 13150, loss:   0.000035
06/16/2024 16:47:11 - INFO - SimCSE -   batch_idx: 13200, loss:   0.000020
06/16/2024 16:47:19 - INFO - SimCSE -   batch_idx: 13250, loss:   0.000027
06/16/2024 16:47:27 - INFO - SimCSE -   batch_idx: 13300, loss:   0.000031
06/16/2024 16:47:34 - INFO - SimCSE -   batch_idx: 13350, loss:   0.000054
06/16/2024 16:47:41 - INFO - SimCSE -   batch_idx: 13400, loss:   0.000028
06/16/2024 16:47:48 - INFO - SimCSE -   batch_idx: 13450, loss:   0.000046
06/16/2024 16:47:55 - INFO - SimCSE -   batch_idx: 13500, loss:   0.000028
06/16/2024 16:48:02 - INFO - SimCSE -   batch_idx: 13550, loss:   0.000029
06/16/2024 16:48:09 - INFO - SimCSE -   batch_idx: 13600, loss:   0.000024
06/16/2024 16:48:16 - INFO - SimCSE -   batch_idx: 13650, loss:   0.000018
06/16/2024 16:48:25 - INFO - SimCSE -   batch_idx: 13700, loss:   0.000026
06/16/2024 16:48:32 - INFO - SimCSE -   batch_idx: 13750, loss:   0.000019
06/16/2024 16:48:39 - INFO - SimCSE -   batch_idx: 13800, loss:   0.000022
06/16/2024 16:48:46 - INFO - SimCSE -   batch_idx: 13850, loss:   0.000034
06/16/2024 16:48:53 - INFO - SimCSE -   batch_idx: 13900, loss:   0.000020
06/16/2024 16:49:00 - INFO - SimCSE -   batch_idx: 13950, loss:   0.000030
06/16/2024 16:49:07 - INFO - SimCSE -   batch_idx: 14000, loss:   0.000027
06/16/2024 16:49:14 - INFO - SimCSE -   batch_idx: 14050, loss:   0.000027
06/16/2024 16:49:21 - INFO - SimCSE -   batch_idx: 14100, loss:   0.000017
06/16/2024 16:49:29 - INFO - SimCSE -   batch_idx: 14150, loss:   0.000019
06/16/2024 16:49:36 - INFO - SimCSE -   batch_idx: 14200, loss:   0.000026
06/16/2024 16:49:43 - INFO - SimCSE -   batch_idx: 14250, loss:   0.000018
06/16/2024 16:49:50 - INFO - SimCSE -   batch_idx: 14300, loss:   0.000024
06/16/2024 16:49:57 - INFO - SimCSE -   batch_idx: 14350, loss:   0.000036
06/16/2024 16:50:04 - INFO - SimCSE -   batch_idx: 14400, loss:   0.000017
06/16/2024 16:50:13 - INFO - SimCSE -   batch_idx: 14450, loss:   0.000045
06/16/2024 16:50:20 - INFO - SimCSE -   batch_idx: 14500, loss:   0.000027
06/16/2024 16:50:27 - INFO - SimCSE -   batch_idx: 14550, loss:   0.000040
06/16/2024 16:50:34 - INFO - SimCSE -   batch_idx: 14600, loss:   0.000022
06/16/2024 16:50:41 - INFO - SimCSE -   batch_idx: 14650, loss:   0.000030
06/16/2024 16:50:48 - INFO - SimCSE -   batch_idx: 14700, loss:   0.000027
06/16/2024 16:50:55 - INFO - SimCSE -   batch_idx: 14750, loss:   0.000035
06/16/2024 16:51:02 - INFO - SimCSE -   batch_idx: 14800, loss:   0.000022
06/16/2024 16:51:09 - INFO - SimCSE -   batch_idx: 14850, loss:   0.000050
06/16/2024 16:51:16 - INFO - SimCSE -   batch_idx: 14900, loss:   0.000024
06/16/2024 16:51:23 - INFO - SimCSE -   batch_idx: 14950, loss:   0.000319
06/16/2024 16:51:30 - INFO - SimCSE -   batch_idx: 15000, loss:   0.000037
06/16/2024 16:51:37 - INFO - SimCSE -   batch_idx: 15050, loss:   0.000029
06/16/2024 16:51:44 - INFO - SimCSE -   batch_idx: 15100, loss:   0.000015
06/16/2024 16:51:53 - INFO - SimCSE -   batch_idx: 15150, loss:   0.000023
06/16/2024 16:52:00 - INFO - SimCSE -   batch_idx: 15200, loss:   0.000032
06/16/2024 16:52:07 - INFO - SimCSE -   batch_idx: 15250, loss:   0.000019
06/16/2024 16:52:14 - INFO - SimCSE -   batch_idx: 15300, loss:   0.000022
06/16/2024 16:52:21 - INFO - SimCSE -   batch_idx: 15350, loss:   0.000018
06/16/2024 16:52:28 - INFO - SimCSE -   batch_idx: 15400, loss:   0.000019
06/16/2024 16:52:35 - INFO - SimCSE -   batch_idx: 15450, loss:   0.000038
06/16/2024 16:52:42 - INFO - SimCSE -   batch_idx: 15500, loss:   0.000021
06/16/2024 16:52:49 - INFO - SimCSE -   batch_idx: 15550, loss:   0.000039
06/16/2024 16:52:56 - INFO - SimCSE -   batch_idx: 15600, loss:   0.000029
06/16/2024 16:53:03 - INFO - SimCSE -   batch_idx: 15650, loss:   0.000022
06/16/2024 16:53:11 - INFO - SimCSE -   batch_idx: 15700, loss:   0.000020
06/16/2024 16:53:18 - INFO - SimCSE -   batch_idx: 15750, loss:   0.000018
06/16/2024 16:53:25 - INFO - SimCSE -   batch_idx: 15800, loss:   0.000018
06/16/2024 16:53:32 - INFO - SimCSE -   batch_idx: 15850, loss:   0.000015
06/16/2024 16:53:39 - INFO - SimCSE -   batch_idx: 15900, loss:   0.000022
06/16/2024 16:53:46 - INFO - SimCSE -   batch_idx: 15950, loss:   0.000023
06/16/2024 16:53:53 - INFO - SimCSE -   batch_idx: 16000, loss:   0.000015
06/16/2024 16:54:00 - INFO - SimCSE -   batch_idx: 16050, loss:   0.000016
06/16/2024 16:54:07 - INFO - SimCSE -   batch_idx: 16100, loss:   0.000020
06/16/2024 16:54:14 - INFO - SimCSE -   batch_idx: 16150, loss:   0.000015
06/16/2024 16:54:22 - INFO - SimCSE -   batch_idx: 16200, loss:   0.000018
06/16/2024 16:54:29 - INFO - SimCSE -   batch_idx: 16250, loss:   0.000030
06/16/2024 16:54:36 - INFO - SimCSE -   batch_idx: 16300, loss:   0.000059
06/16/2024 16:54:43 - INFO - SimCSE -   batch_idx: 16350, loss:   0.000027
06/16/2024 16:54:50 - INFO - SimCSE -   batch_idx: 16400, loss:   0.000016
06/16/2024 16:54:57 - INFO - SimCSE -   batch_idx: 16450, loss:   0.000025
06/16/2024 16:55:04 - INFO - SimCSE -   batch_idx: 16500, loss:   0.000016
06/16/2024 16:55:11 - INFO - SimCSE -   batch_idx: 16550, loss:   0.000027
06/16/2024 16:55:18 - INFO - SimCSE -   batch_idx: 16600, loss:   0.000026
06/16/2024 16:55:26 - INFO - SimCSE -   batch_idx: 16650, loss:   0.000018
06/16/2024 16:55:33 - INFO - SimCSE -   batch_idx: 16700, loss:   0.000016
06/16/2024 16:55:40 - INFO - SimCSE -   batch_idx: 16750, loss:   0.000027
06/16/2024 16:55:47 - INFO - SimCSE -   batch_idx: 16800, loss:   0.000015
06/16/2024 16:55:54 - INFO - SimCSE -   batch_idx: 16850, loss:   0.000015
06/16/2024 16:56:01 - INFO - SimCSE -   batch_idx: 16900, loss:   0.000020
06/16/2024 16:56:08 - INFO - SimCSE -   batch_idx: 16950, loss:   0.000018
06/16/2024 16:56:15 - INFO - SimCSE -   batch_idx: 17000, loss:   0.000017
06/16/2024 16:56:22 - INFO - SimCSE -   batch_idx: 17050, loss:   0.000052
06/16/2024 16:56:29 - INFO - SimCSE -   batch_idx: 17100, loss:   0.000012
06/16/2024 16:56:38 - INFO - SimCSE -   batch_idx: 17150, loss:   0.000033
06/16/2024 16:56:45 - INFO - SimCSE -   batch_idx: 17200, loss:   0.000016
06/16/2024 16:56:52 - INFO - SimCSE -   batch_idx: 17250, loss:   0.000017
06/16/2024 16:56:59 - INFO - SimCSE -   batch_idx: 17300, loss:   0.000011
06/16/2024 16:57:07 - INFO - SimCSE -   batch_idx: 17350, loss:   0.000026
06/16/2024 16:57:14 - INFO - SimCSE -   batch_idx: 17400, loss:   0.000014
06/16/2024 16:57:21 - INFO - SimCSE -   batch_idx: 17450, loss:   0.000015
06/16/2024 16:57:28 - INFO - SimCSE -   batch_idx: 17500, loss:   0.000016
06/16/2024 16:57:35 - INFO - SimCSE -   batch_idx: 17550, loss:   0.000013
06/16/2024 16:57:42 - INFO - SimCSE -   batch_idx: 17600, loss:   0.000012
06/16/2024 16:57:50 - INFO - SimCSE -   batch_idx: 17650, loss:   0.000020
06/16/2024 16:57:57 - INFO - SimCSE -   batch_idx: 17700, loss:   0.000015
06/16/2024 16:58:04 - INFO - SimCSE -   batch_idx: 17750, loss:   0.000016
06/16/2024 16:58:11 - INFO - SimCSE -   batch_idx: 17800, loss:   0.000016
06/16/2024 16:58:18 - INFO - SimCSE -   batch_idx: 17850, loss:   0.000024
06/16/2024 16:58:25 - INFO - SimCSE -   batch_idx: 17900, loss:   0.000014
06/16/2024 16:58:32 - INFO - SimCSE -   batch_idx: 17950, loss:   0.000014
06/16/2024 16:58:39 - INFO - SimCSE -   batch_idx: 18000, loss:   0.000016
06/16/2024 16:58:46 - INFO - SimCSE -   batch_idx: 18050, loss:   0.000015
06/16/2024 16:58:53 - INFO - SimCSE -   batch_idx: 18100, loss:   0.000017
06/16/2024 16:59:00 - INFO - SimCSE -   batch_idx: 18150, loss:   0.000013
06/16/2024 16:59:07 - INFO - SimCSE -   batch_idx: 18200, loss:   0.000024
06/16/2024 16:59:14 - INFO - SimCSE -   batch_idx: 18250, loss:   0.000011
06/16/2024 16:59:21 - INFO - SimCSE -   batch_idx: 18300, loss:   0.000011
06/16/2024 16:59:30 - INFO - SimCSE -   batch_idx: 18350, loss:   0.000015
06/16/2024 16:59:37 - INFO - SimCSE -   batch_idx: 18400, loss:   0.000015
06/16/2024 16:59:44 - INFO - SimCSE -   batch_idx: 18450, loss:   0.000013
06/16/2024 16:59:51 - INFO - SimCSE -   batch_idx: 18500, loss:   0.000012
06/16/2024 16:59:58 - INFO - SimCSE -   batch_idx: 18550, loss:   0.000018
06/16/2024 17:00:05 - INFO - SimCSE -   batch_idx: 18600, loss:   0.000014
06/16/2024 17:00:12 - INFO - SimCSE -   batch_idx: 18650, loss:   0.000014
06/16/2024 17:00:19 - INFO - SimCSE -   batch_idx: 18700, loss:   0.000023
06/16/2024 17:00:26 - INFO - SimCSE -   batch_idx: 18750, loss:   0.000013
06/16/2024 17:00:33 - INFO - SimCSE -   batch_idx: 18800, loss:   0.000014
06/16/2024 17:00:40 - INFO - SimCSE -   batch_idx: 18850, loss:   0.000013
06/16/2024 17:00:47 - INFO - SimCSE -   batch_idx: 18900, loss:   0.000014
06/16/2024 17:00:55 - INFO - SimCSE -   batch_idx: 18950, loss:   0.000016
06/16/2024 17:01:02 - INFO - SimCSE -   batch_idx: 19000, loss:   0.000011
06/16/2024 17:01:10 - INFO - SimCSE -   batch_idx: 19050, loss:   0.000013
06/16/2024 17:01:17 - INFO - SimCSE -   batch_idx: 19100, loss:   0.000023
06/16/2024 17:01:24 - INFO - SimCSE -   batch_idx: 19150, loss:   0.000020
06/16/2024 17:01:31 - INFO - SimCSE -   batch_idx: 19200, loss:   0.000013
06/16/2024 17:01:38 - INFO - SimCSE -   batch_idx: 19250, loss:   0.000013
06/16/2024 17:01:45 - INFO - SimCSE -   batch_idx: 19300, loss:   0.000014
06/16/2024 17:01:52 - INFO - SimCSE -   batch_idx: 19350, loss:   0.000017
06/16/2024 17:01:59 - INFO - SimCSE -   batch_idx: 19400, loss:   0.000014
06/16/2024 17:02:07 - INFO - SimCSE -   batch_idx: 19450, loss:   0.000015
06/16/2024 17:02:14 - INFO - SimCSE -   batch_idx: 19500, loss:   0.000014
06/16/2024 17:02:21 - INFO - SimCSE -   batch_idx: 19550, loss:   0.000022
06/16/2024 17:02:28 - INFO - SimCSE -   batch_idx: 19600, loss:   0.000011
06/16/2024 17:02:36 - INFO - SimCSE -   batch_idx: 19650, loss:   0.000014
06/16/2024 17:02:43 - INFO - SimCSE -   batch_idx: 19700, loss:   0.000014
06/16/2024 17:02:50 - INFO - SimCSE -   batch_idx: 19750, loss:   0.000012
06/16/2024 17:02:57 - INFO - SimCSE -   batch_idx: 19800, loss:   0.000033
06/16/2024 17:03:05 - INFO - SimCSE -   batch_idx: 19850, loss:   0.000015
06/16/2024 17:03:12 - INFO - SimCSE -   batch_idx: 19900, loss:   0.000012
06/16/2024 17:03:19 - INFO - SimCSE -   batch_idx: 19950, loss:   0.000013
06/16/2024 17:03:26 - INFO - SimCSE -   batch_idx: 20000, loss:   0.000012
06/16/2024 17:03:33 - INFO - SimCSE -   batch_idx: 20050, loss:   0.000015
06/16/2024 17:03:40 - INFO - SimCSE -   batch_idx: 20100, loss:   0.000009
06/16/2024 17:03:48 - INFO - SimCSE -   batch_idx: 20150, loss:   0.000017
06/16/2024 17:03:55 - INFO - SimCSE -   batch_idx: 20200, loss:   0.000018
06/16/2024 17:04:02 - INFO - SimCSE -   batch_idx: 20250, loss:   0.000010
06/16/2024 17:04:09 - INFO - SimCSE -   batch_idx: 20300, loss:   0.000011
06/16/2024 17:04:16 - INFO - SimCSE -   batch_idx: 20350, loss:   0.000017
06/16/2024 17:04:23 - INFO - SimCSE -   batch_idx: 20400, loss:   0.000021
06/16/2024 17:04:31 - INFO - SimCSE -   batch_idx: 20450, loss:   0.000017
06/16/2024 17:04:38 - INFO - SimCSE -   batch_idx: 20500, loss:   0.000009
06/16/2024 17:04:46 - INFO - SimCSE -   batch_idx: 20550, loss:   0.000012
06/16/2024 17:04:53 - INFO - SimCSE -   batch_idx: 20600, loss:   0.000011
06/16/2024 17:05:00 - INFO - SimCSE -   batch_idx: 20650, loss:   0.000011
06/16/2024 17:05:07 - INFO - SimCSE -   batch_idx: 20700, loss:   0.000015
06/16/2024 17:05:14 - INFO - SimCSE -   batch_idx: 20750, loss:   0.000014
06/16/2024 17:05:21 - INFO - SimCSE -   batch_idx: 20800, loss:   0.000013
06/16/2024 17:05:29 - INFO - SimCSE -   batch_idx: 20850, loss:   0.000011
06/16/2024 17:05:36 - INFO - SimCSE -   batch_idx: 20900, loss:   0.000034
06/16/2024 17:05:43 - INFO - SimCSE -   batch_idx: 20950, loss:   0.000020
06/16/2024 17:05:50 - INFO - SimCSE -   batch_idx: 21000, loss:   0.000015
06/16/2024 17:05:57 - INFO - SimCSE -   batch_idx: 21050, loss:   0.000012
06/16/2024 17:06:04 - INFO - SimCSE -   batch_idx: 21100, loss:   0.000012
06/16/2024 17:06:11 - INFO - SimCSE -   batch_idx: 21150, loss:   0.000012
06/16/2024 17:06:18 - INFO - SimCSE -   batch_idx: 21200, loss:   0.000014
06/16/2024 17:06:25 - INFO - SimCSE -   batch_idx: 21250, loss:   0.000012
06/16/2024 17:06:32 - INFO - SimCSE -   batch_idx: 21300, loss:   0.000012
06/16/2024 17:06:39 - INFO - SimCSE -   batch_idx: 21350, loss:   0.000022
06/16/2024 17:06:46 - INFO - SimCSE -   batch_idx: 21400, loss:   0.000015
06/16/2024 17:06:53 - INFO - SimCSE -   batch_idx: 21450, loss:   0.000010
06/16/2024 17:07:00 - INFO - SimCSE -   batch_idx: 21500, loss:   0.000016
06/16/2024 17:07:07 - INFO - SimCSE -   batch_idx: 21550, loss:   0.000019
06/16/2024 17:07:14 - INFO - SimCSE -   batch_idx: 21600, loss:   0.000016
06/16/2024 17:07:21 - INFO - SimCSE -   batch_idx: 21650, loss:   0.000016
06/16/2024 17:07:28 - INFO - SimCSE -   batch_idx: 21700, loss:   0.000013
06/16/2024 17:07:35 - INFO - SimCSE -   batch_idx: 21750, loss:   0.000011
06/16/2024 17:07:42 - INFO - SimCSE -   batch_idx: 21800, loss:   0.000009
06/16/2024 17:07:49 - INFO - SimCSE -   batch_idx: 21850, loss:   0.000014
06/16/2024 17:07:56 - INFO - SimCSE -   batch_idx: 21900, loss:   0.000019
06/16/2024 17:08:03 - INFO - SimCSE -   batch_idx: 21950, loss:   0.000010
06/16/2024 17:08:10 - INFO - SimCSE -   batch_idx: 22000, loss:   0.000010
06/16/2024 17:08:17 - INFO - SimCSE -   batch_idx: 22050, loss:   0.000018
06/16/2024 17:08:25 - INFO - SimCSE -   batch_idx: 22100, loss:   0.000009
06/16/2024 17:08:32 - INFO - SimCSE -   batch_idx: 22150, loss:   0.000009
06/16/2024 17:08:40 - INFO - SimCSE -   batch_idx: 22200, loss:   0.000009
06/16/2024 17:08:47 - INFO - SimCSE -   batch_idx: 22250, loss:   0.000013
06/16/2024 17:08:54 - INFO - SimCSE -   batch_idx: 22300, loss:   0.000012
06/16/2024 17:09:01 - INFO - SimCSE -   batch_idx: 22350, loss:   0.000008
06/16/2024 17:09:10 - INFO - SimCSE -   batch_idx: 22400, loss:   0.000015
06/16/2024 17:09:17 - INFO - SimCSE -   batch_idx: 22450, loss:   0.000010
06/16/2024 17:09:24 - INFO - SimCSE -   batch_idx: 22500, loss:   0.000011
06/16/2024 17:09:31 - INFO - SimCSE -   batch_idx: 22550, loss:   0.000010
06/16/2024 17:09:38 - INFO - SimCSE -   batch_idx: 22600, loss:   0.000012
06/16/2024 17:09:45 - INFO - SimCSE -   batch_idx: 22650, loss:   0.000014
06/16/2024 17:09:52 - INFO - SimCSE -   batch_idx: 22700, loss:   0.000010
06/16/2024 17:09:59 - INFO - SimCSE -   batch_idx: 22750, loss:   0.000012
06/16/2024 17:10:06 - INFO - SimCSE -   batch_idx: 22800, loss:   0.000012
06/16/2024 17:10:13 - INFO - SimCSE -   batch_idx: 22850, loss:   0.000008
06/16/2024 17:10:22 - INFO - SimCSE -   batch_idx: 22900, loss:   0.000010
06/16/2024 17:10:29 - INFO - SimCSE -   batch_idx: 22950, loss:   0.000011
06/16/2024 17:10:36 - INFO - SimCSE -   batch_idx: 23000, loss:   0.000016
06/16/2024 17:10:43 - INFO - SimCSE -   batch_idx: 23050, loss:   0.000010
06/16/2024 17:10:50 - INFO - SimCSE -   batch_idx: 23100, loss:   0.000009
06/16/2024 17:10:57 - INFO - SimCSE -   batch_idx: 23150, loss:   0.000013
06/16/2024 17:11:04 - INFO - SimCSE -   batch_idx: 23200, loss:   0.000013
06/16/2024 17:11:11 - INFO - SimCSE -   batch_idx: 23250, loss:   0.000011
06/16/2024 17:11:18 - INFO - SimCSE -   batch_idx: 23300, loss:   0.000011
06/16/2024 17:11:22 - INFO - SimCSE -   best loss:   0.000008
06/16/2024 17:11:22 - INFO - SimCSE -   Save the final model!
	to./ckpts/English-final
