06/16/2024 15:31:53 - INFO - SimCSE -   --------args----------
06/16/2024 15:31:53 - INFO - SimCSE -   train_file: ./data/English_train.txt
06/16/2024 15:31:53 - INFO - SimCSE -   PTM_root_path: ./PretrainedLM
06/16/2024 15:31:53 - INFO - SimCSE -   pretrained: bert-base-uncased
06/16/2024 15:31:53 - INFO - SimCSE -   num_proc: 5
06/16/2024 15:31:53 - INFO - SimCSE -   max_length: 128
06/16/2024 15:31:53 - INFO - SimCSE -   batch_size: 32
06/16/2024 15:31:53 - INFO - SimCSE -   epochs: 2
06/16/2024 15:31:53 - INFO - SimCSE -   learning_rate: 5e-06
06/16/2024 15:31:53 - INFO - SimCSE -   tau: 0.05
06/16/2024 15:31:53 - INFO - SimCSE -   display_interval: 50
06/16/2024 15:31:53 - INFO - SimCSE -   save_final: True
06/16/2024 15:31:53 - INFO - SimCSE -   pool_type: cls
06/16/2024 15:31:53 - INFO - SimCSE -   dropout_rate: 0.1
06/16/2024 15:31:53 - INFO - SimCSE -   n_gpu: 1
06/16/2024 15:31:53 - INFO - SimCSE -   --------args----------

06/16/2024 15:31:54 - INFO - SimCSE -   The size of dataset: 373156
06/16/2024 15:32:34 - INFO - SimCSE -   batch_idx: 50, loss:   0.027528
06/16/2024 15:32:44 - INFO - SimCSE -   batch_idx: 100, loss:   0.015651
06/16/2024 15:32:54 - INFO - SimCSE -   batch_idx: 150, loss:   0.013172
06/16/2024 15:33:05 - INFO - SimCSE -   batch_idx: 200, loss:   0.009221
06/16/2024 15:33:15 - INFO - SimCSE -   batch_idx: 250, loss:   0.007061
06/16/2024 15:33:26 - INFO - SimCSE -   batch_idx: 300, loss:   0.006254
06/16/2024 15:33:37 - INFO - SimCSE -   batch_idx: 350, loss:   0.004081
06/16/2024 15:33:47 - INFO - SimCSE -   batch_idx: 400, loss:   0.002364
06/16/2024 15:33:58 - INFO - SimCSE -   batch_idx: 450, loss:   0.002661
06/16/2024 15:34:08 - INFO - SimCSE -   batch_idx: 500, loss:   0.001939
06/16/2024 15:34:18 - INFO - SimCSE -   batch_idx: 550, loss:   0.001066
06/16/2024 15:34:29 - INFO - SimCSE -   batch_idx: 600, loss:   0.001496
06/16/2024 15:34:39 - INFO - SimCSE -   batch_idx: 650, loss:   0.000573
06/16/2024 15:34:50 - INFO - SimCSE -   batch_idx: 700, loss:   0.002035
06/16/2024 15:34:59 - INFO - SimCSE -   batch_idx: 750, loss:   0.002094
06/16/2024 15:35:09 - INFO - SimCSE -   batch_idx: 800, loss:   0.002444
06/16/2024 15:35:18 - INFO - SimCSE -   batch_idx: 850, loss:   0.001293
06/16/2024 15:35:28 - INFO - SimCSE -   batch_idx: 900, loss:   0.002127
06/16/2024 15:35:38 - INFO - SimCSE -   batch_idx: 950, loss:   0.000779
06/16/2024 15:35:48 - INFO - SimCSE -   batch_idx: 1000, loss:   0.000837
06/16/2024 15:35:57 - INFO - SimCSE -   batch_idx: 1050, loss:   0.000930
06/16/2024 15:36:07 - INFO - SimCSE -   batch_idx: 1100, loss:   0.000562
06/16/2024 15:36:18 - INFO - SimCSE -   batch_idx: 1150, loss:   0.000757
06/16/2024 15:36:27 - INFO - SimCSE -   batch_idx: 1200, loss:   0.000858
06/16/2024 15:36:37 - INFO - SimCSE -   batch_idx: 1250, loss:   0.000668
06/16/2024 15:36:46 - INFO - SimCSE -   batch_idx: 1300, loss:   0.001859
06/16/2024 15:36:56 - INFO - SimCSE -   batch_idx: 1350, loss:   0.002732
06/16/2024 15:37:05 - INFO - SimCSE -   batch_idx: 1400, loss:   0.001064
06/16/2024 15:37:15 - INFO - SimCSE -   batch_idx: 1450, loss:   0.000456
06/16/2024 15:37:26 - INFO - SimCSE -   batch_idx: 1500, loss:   0.000401
06/16/2024 15:37:37 - INFO - SimCSE -   batch_idx: 1550, loss:   0.000491
06/16/2024 15:37:46 - INFO - SimCSE -   batch_idx: 1600, loss:   0.000963
06/16/2024 15:37:56 - INFO - SimCSE -   batch_idx: 1650, loss:   0.001098
06/16/2024 15:38:06 - INFO - SimCSE -   batch_idx: 1700, loss:   0.000355
06/16/2024 15:38:17 - INFO - SimCSE -   batch_idx: 1750, loss:   0.000663
06/16/2024 15:38:27 - INFO - SimCSE -   batch_idx: 1800, loss:   0.000461
06/16/2024 15:38:36 - INFO - SimCSE -   batch_idx: 1850, loss:   0.001905
06/16/2024 15:38:46 - INFO - SimCSE -   batch_idx: 1900, loss:   0.000352
06/16/2024 15:38:57 - INFO - SimCSE -   batch_idx: 1950, loss:   0.000237
06/16/2024 15:39:08 - INFO - SimCSE -   batch_idx: 2000, loss:   0.000686
06/16/2024 15:39:18 - INFO - SimCSE -   batch_idx: 2050, loss:   0.000280
06/16/2024 15:39:27 - INFO - SimCSE -   batch_idx: 2100, loss:   0.000242
06/16/2024 15:39:37 - INFO - SimCSE -   batch_idx: 2150, loss:   0.000341
06/16/2024 15:39:47 - INFO - SimCSE -   batch_idx: 2200, loss:   0.002399
06/16/2024 15:39:56 - INFO - SimCSE -   batch_idx: 2250, loss:   0.000309
06/16/2024 15:40:06 - INFO - SimCSE -   batch_idx: 2300, loss:   0.000190
06/16/2024 15:40:17 - INFO - SimCSE -   batch_idx: 2350, loss:   0.000913
06/16/2024 15:40:26 - INFO - SimCSE -   batch_idx: 2400, loss:   0.000254
06/16/2024 15:40:36 - INFO - SimCSE -   batch_idx: 2450, loss:   0.000477
06/16/2024 15:40:46 - INFO - SimCSE -   batch_idx: 2500, loss:   0.000248
06/16/2024 15:40:55 - INFO - SimCSE -   batch_idx: 2550, loss:   0.000171
06/16/2024 15:41:06 - INFO - SimCSE -   batch_idx: 2600, loss:   0.000646
06/16/2024 15:41:16 - INFO - SimCSE -   batch_idx: 2650, loss:   0.000310
06/16/2024 15:41:25 - INFO - SimCSE -   batch_idx: 2700, loss:   0.000252
06/16/2024 15:41:35 - INFO - SimCSE -   batch_idx: 2750, loss:   0.000248
06/16/2024 15:41:44 - INFO - SimCSE -   batch_idx: 2800, loss:   0.000752
06/16/2024 15:41:54 - INFO - SimCSE -   batch_idx: 2850, loss:   0.000314
06/16/2024 15:42:03 - INFO - SimCSE -   batch_idx: 2900, loss:   0.000191
06/16/2024 15:42:13 - INFO - SimCSE -   batch_idx: 2950, loss:   0.000294
06/16/2024 15:42:22 - INFO - SimCSE -   batch_idx: 3000, loss:   0.000168
06/16/2024 15:42:33 - INFO - SimCSE -   batch_idx: 3050, loss:   0.000819
06/16/2024 15:42:42 - INFO - SimCSE -   batch_idx: 3100, loss:   0.000331
06/16/2024 15:42:52 - INFO - SimCSE -   batch_idx: 3150, loss:   0.000304
06/16/2024 15:43:01 - INFO - SimCSE -   batch_idx: 3200, loss:   0.000270
06/16/2024 15:43:10 - INFO - SimCSE -   batch_idx: 3250, loss:   0.000289
06/16/2024 15:43:20 - INFO - SimCSE -   batch_idx: 3300, loss:   0.000869
06/16/2024 15:43:29 - INFO - SimCSE -   batch_idx: 3350, loss:   0.000207
06/16/2024 15:43:39 - INFO - SimCSE -   batch_idx: 3400, loss:   0.000332
06/16/2024 15:43:48 - INFO - SimCSE -   batch_idx: 3450, loss:   0.000198
06/16/2024 15:43:57 - INFO - SimCSE -   batch_idx: 3500, loss:   0.000135
06/16/2024 15:44:08 - INFO - SimCSE -   batch_idx: 3550, loss:   0.000306
06/16/2024 15:44:18 - INFO - SimCSE -   batch_idx: 3600, loss:   0.000146
06/16/2024 15:44:28 - INFO - SimCSE -   batch_idx: 3650, loss:   0.000225
06/16/2024 15:44:37 - INFO - SimCSE -   batch_idx: 3700, loss:   0.000119
06/16/2024 15:44:48 - INFO - SimCSE -   batch_idx: 3750, loss:   0.000172
06/16/2024 15:44:58 - INFO - SimCSE -   batch_idx: 3800, loss:   0.000180
06/16/2024 15:45:08 - INFO - SimCSE -   batch_idx: 3850, loss:   0.000230
06/16/2024 15:45:17 - INFO - SimCSE -   batch_idx: 3900, loss:   0.000110
06/16/2024 15:45:28 - INFO - SimCSE -   batch_idx: 3950, loss:   0.000716
06/16/2024 15:45:38 - INFO - SimCSE -   batch_idx: 4000, loss:   0.000224
06/16/2024 15:45:48 - INFO - SimCSE -   batch_idx: 4050, loss:   0.000125
06/16/2024 15:45:57 - INFO - SimCSE -   batch_idx: 4100, loss:   0.000257
06/16/2024 15:46:06 - INFO - SimCSE -   batch_idx: 4150, loss:   0.000094
06/16/2024 15:46:18 - INFO - SimCSE -   batch_idx: 4200, loss:   0.000256
06/16/2024 15:46:27 - INFO - SimCSE -   batch_idx: 4250, loss:   0.000128
06/16/2024 15:46:37 - INFO - SimCSE -   batch_idx: 4300, loss:   0.000104
06/16/2024 15:46:46 - INFO - SimCSE -   batch_idx: 4350, loss:   0.000209
06/16/2024 15:46:56 - INFO - SimCSE -   batch_idx: 4400, loss:   0.000319
06/16/2024 15:47:06 - INFO - SimCSE -   batch_idx: 4450, loss:   0.000071
06/16/2024 15:47:17 - INFO - SimCSE -   batch_idx: 4500, loss:   0.000179
06/16/2024 15:47:26 - INFO - SimCSE -   batch_idx: 4550, loss:   0.000092
06/16/2024 15:47:35 - INFO - SimCSE -   batch_idx: 4600, loss:   0.000103
06/16/2024 15:47:45 - INFO - SimCSE -   batch_idx: 4650, loss:   0.000093
06/16/2024 15:47:54 - INFO - SimCSE -   batch_idx: 4700, loss:   0.000147
06/16/2024 15:48:04 - INFO - SimCSE -   batch_idx: 4750, loss:   0.000077
06/16/2024 15:48:13 - INFO - SimCSE -   batch_idx: 4800, loss:   0.000075
06/16/2024 15:48:23 - INFO - SimCSE -   batch_idx: 4850, loss:   0.000113
06/16/2024 15:48:32 - INFO - SimCSE -   batch_idx: 4900, loss:   0.000083
06/16/2024 15:48:42 - INFO - SimCSE -   batch_idx: 4950, loss:   0.000103
06/16/2024 15:48:51 - INFO - SimCSE -   batch_idx: 5000, loss:   0.000709
06/16/2024 15:49:00 - INFO - SimCSE -   batch_idx: 5050, loss:   0.000109
06/16/2024 15:49:10 - INFO - SimCSE -   batch_idx: 5100, loss:   0.000067
06/16/2024 15:49:21 - INFO - SimCSE -   batch_idx: 5150, loss:   0.000105
06/16/2024 15:49:30 - INFO - SimCSE -   batch_idx: 5200, loss:   0.000095
06/16/2024 15:49:39 - INFO - SimCSE -   batch_idx: 5250, loss:   0.000205
06/16/2024 15:49:49 - INFO - SimCSE -   batch_idx: 5300, loss:   0.000201
06/16/2024 15:49:58 - INFO - SimCSE -   batch_idx: 5350, loss:   0.000139
06/16/2024 15:50:07 - INFO - SimCSE -   batch_idx: 5400, loss:   0.000243
06/16/2024 15:50:17 - INFO - SimCSE -   batch_idx: 5450, loss:   0.000359
06/16/2024 15:50:26 - INFO - SimCSE -   batch_idx: 5500, loss:   0.000397
06/16/2024 15:50:36 - INFO - SimCSE -   batch_idx: 5550, loss:   0.000242
06/16/2024 15:50:45 - INFO - SimCSE -   batch_idx: 5600, loss:   0.000188
06/16/2024 15:50:55 - INFO - SimCSE -   batch_idx: 5650, loss:   0.000819
06/16/2024 15:51:04 - INFO - SimCSE -   batch_idx: 5700, loss:   0.000204
06/16/2024 15:51:14 - INFO - SimCSE -   batch_idx: 5750, loss:   0.000070
06/16/2024 15:51:23 - INFO - SimCSE -   batch_idx: 5800, loss:   0.000229
06/16/2024 15:51:33 - INFO - SimCSE -   batch_idx: 5850, loss:   0.000100
06/16/2024 15:51:42 - INFO - SimCSE -   batch_idx: 5900, loss:   0.000163
06/16/2024 15:51:52 - INFO - SimCSE -   batch_idx: 5950, loss:   0.000075
06/16/2024 15:52:02 - INFO - SimCSE -   batch_idx: 6000, loss:   0.000107
06/16/2024 15:52:11 - INFO - SimCSE -   batch_idx: 6050, loss:   0.000169
06/16/2024 15:52:21 - INFO - SimCSE -   batch_idx: 6100, loss:   0.000359
06/16/2024 15:52:31 - INFO - SimCSE -   batch_idx: 6150, loss:   0.000075
06/16/2024 15:52:40 - INFO - SimCSE -   batch_idx: 6200, loss:   0.000076
06/16/2024 15:52:50 - INFO - SimCSE -   batch_idx: 6250, loss:   0.000097
06/16/2024 15:52:59 - INFO - SimCSE -   batch_idx: 6300, loss:   0.000073
06/16/2024 15:53:09 - INFO - SimCSE -   batch_idx: 6350, loss:   0.000082
06/16/2024 15:53:18 - INFO - SimCSE -   batch_idx: 6400, loss:   0.000071
06/16/2024 15:53:27 - INFO - SimCSE -   batch_idx: 6450, loss:   0.000110
06/16/2024 15:53:37 - INFO - SimCSE -   batch_idx: 6500, loss:   0.000152
06/16/2024 15:53:46 - INFO - SimCSE -   batch_idx: 6550, loss:   0.000133
06/16/2024 15:53:55 - INFO - SimCSE -   batch_idx: 6600, loss:   0.000098
06/16/2024 15:54:05 - INFO - SimCSE -   batch_idx: 6650, loss:   0.000179
06/16/2024 15:54:14 - INFO - SimCSE -   batch_idx: 6700, loss:   0.000066
06/16/2024 15:54:25 - INFO - SimCSE -   batch_idx: 6750, loss:   0.000406
06/16/2024 15:54:34 - INFO - SimCSE -   batch_idx: 6800, loss:   0.000117
06/16/2024 15:54:44 - INFO - SimCSE -   batch_idx: 6850, loss:   0.000061
06/16/2024 15:54:55 - INFO - SimCSE -   batch_idx: 6900, loss:   0.000137
06/16/2024 15:55:04 - INFO - SimCSE -   batch_idx: 6950, loss:   0.000084
06/16/2024 15:55:13 - INFO - SimCSE -   batch_idx: 7000, loss:   0.000273
06/16/2024 15:55:23 - INFO - SimCSE -   batch_idx: 7050, loss:   0.000086
06/16/2024 15:55:32 - INFO - SimCSE -   batch_idx: 7100, loss:   0.000088
06/16/2024 15:55:42 - INFO - SimCSE -   batch_idx: 7150, loss:   0.000059
06/16/2024 15:55:52 - INFO - SimCSE -   batch_idx: 7200, loss:   0.000046
06/16/2024 15:56:03 - INFO - SimCSE -   batch_idx: 7250, loss:   0.000065
06/16/2024 15:56:13 - INFO - SimCSE -   batch_idx: 7300, loss:   0.000055
06/16/2024 15:56:22 - INFO - SimCSE -   batch_idx: 7350, loss:   0.000152
06/16/2024 15:56:31 - INFO - SimCSE -   batch_idx: 7400, loss:   0.000072
06/16/2024 15:56:41 - INFO - SimCSE -   batch_idx: 7450, loss:   0.000056
06/16/2024 15:56:51 - INFO - SimCSE -   batch_idx: 7500, loss:   0.000073
06/16/2024 15:57:00 - INFO - SimCSE -   batch_idx: 7550, loss:   0.000068
06/16/2024 15:57:10 - INFO - SimCSE -   batch_idx: 7600, loss:   0.000076
06/16/2024 15:57:19 - INFO - SimCSE -   batch_idx: 7650, loss:   0.000088
06/16/2024 15:57:29 - INFO - SimCSE -   batch_idx: 7700, loss:   0.000090
06/16/2024 15:57:39 - INFO - SimCSE -   batch_idx: 7750, loss:   0.000063
06/16/2024 15:57:48 - INFO - SimCSE -   batch_idx: 7800, loss:   0.000090
06/16/2024 15:57:57 - INFO - SimCSE -   batch_idx: 7850, loss:   0.000051
06/16/2024 15:58:07 - INFO - SimCSE -   batch_idx: 7900, loss:   0.000082
06/16/2024 15:58:16 - INFO - SimCSE -   batch_idx: 7950, loss:   0.000063
06/16/2024 15:58:25 - INFO - SimCSE -   batch_idx: 8000, loss:   0.000187
06/16/2024 15:58:35 - INFO - SimCSE -   batch_idx: 8050, loss:   0.000086
06/16/2024 15:58:44 - INFO - SimCSE -   batch_idx: 8100, loss:   0.000091
06/16/2024 15:58:53 - INFO - SimCSE -   batch_idx: 8150, loss:   0.000063
06/16/2024 15:59:03 - INFO - SimCSE -   batch_idx: 8200, loss:   0.000055
06/16/2024 15:59:12 - INFO - SimCSE -   batch_idx: 8250, loss:   0.000116
06/16/2024 15:59:21 - INFO - SimCSE -   batch_idx: 8300, loss:   0.000077
06/16/2024 15:59:31 - INFO - SimCSE -   batch_idx: 8350, loss:   0.000124
06/16/2024 15:59:40 - INFO - SimCSE -   batch_idx: 8400, loss:   0.000066
06/16/2024 15:59:49 - INFO - SimCSE -   batch_idx: 8450, loss:   0.000108
06/16/2024 15:59:59 - INFO - SimCSE -   batch_idx: 8500, loss:   0.000084
06/16/2024 16:00:08 - INFO - SimCSE -   batch_idx: 8550, loss:   0.000080
06/16/2024 16:00:17 - INFO - SimCSE -   batch_idx: 8600, loss:   0.000046
06/16/2024 16:00:28 - INFO - SimCSE -   batch_idx: 8650, loss:   0.000033
06/16/2024 16:00:39 - INFO - SimCSE -   batch_idx: 8700, loss:   0.000091
06/16/2024 16:00:48 - INFO - SimCSE -   batch_idx: 8750, loss:   0.000070
06/16/2024 16:00:58 - INFO - SimCSE -   batch_idx: 8800, loss:   0.000087
06/16/2024 16:01:07 - INFO - SimCSE -   batch_idx: 8850, loss:   0.000095
06/16/2024 16:01:17 - INFO - SimCSE -   batch_idx: 8900, loss:   0.000081
06/16/2024 16:01:26 - INFO - SimCSE -   batch_idx: 8950, loss:   0.000060
06/16/2024 16:01:36 - INFO - SimCSE -   batch_idx: 9000, loss:   0.000050
06/16/2024 16:01:45 - INFO - SimCSE -   batch_idx: 9050, loss:   0.000042
06/16/2024 16:01:55 - INFO - SimCSE -   batch_idx: 9100, loss:   0.000040
06/16/2024 16:02:05 - INFO - SimCSE -   batch_idx: 9150, loss:   0.000091
06/16/2024 16:02:14 - INFO - SimCSE -   batch_idx: 9200, loss:   0.000039
06/16/2024 16:02:24 - INFO - SimCSE -   batch_idx: 9250, loss:   0.000095
06/16/2024 16:02:34 - INFO - SimCSE -   batch_idx: 9300, loss:   0.000043
06/16/2024 16:02:43 - INFO - SimCSE -   batch_idx: 9350, loss:   0.000064
06/16/2024 16:02:53 - INFO - SimCSE -   batch_idx: 9400, loss:   0.000064
06/16/2024 16:03:02 - INFO - SimCSE -   batch_idx: 9450, loss:   0.000165
06/16/2024 16:03:12 - INFO - SimCSE -   batch_idx: 9500, loss:   0.000056
06/16/2024 16:03:21 - INFO - SimCSE -   batch_idx: 9550, loss:   0.000056
06/16/2024 16:03:30 - INFO - SimCSE -   batch_idx: 9600, loss:   0.000058
06/16/2024 16:03:40 - INFO - SimCSE -   batch_idx: 9650, loss:   0.000044
06/16/2024 16:03:49 - INFO - SimCSE -   batch_idx: 9700, loss:   0.000027
06/16/2024 16:04:00 - INFO - SimCSE -   batch_idx: 9750, loss:   0.000048
06/16/2024 16:04:09 - INFO - SimCSE -   batch_idx: 9800, loss:   0.000056
06/16/2024 16:04:19 - INFO - SimCSE -   batch_idx: 9850, loss:   0.000126
06/16/2024 16:04:28 - INFO - SimCSE -   batch_idx: 9900, loss:   0.000042
06/16/2024 16:04:37 - INFO - SimCSE -   batch_idx: 9950, loss:   0.000036
06/16/2024 16:04:46 - INFO - SimCSE -   batch_idx: 10000, loss:   0.000028
06/16/2024 16:04:56 - INFO - SimCSE -   batch_idx: 10050, loss:   0.000041
06/16/2024 16:05:05 - INFO - SimCSE -   batch_idx: 10100, loss:   0.000056
06/16/2024 16:05:15 - INFO - SimCSE -   batch_idx: 10150, loss:   0.000056
06/16/2024 16:05:24 - INFO - SimCSE -   batch_idx: 10200, loss:   0.000039
06/16/2024 16:05:34 - INFO - SimCSE -   batch_idx: 10250, loss:   0.000051
06/16/2024 16:05:43 - INFO - SimCSE -   batch_idx: 10300, loss:   0.000033
06/16/2024 16:05:53 - INFO - SimCSE -   batch_idx: 10350, loss:   0.000480
06/16/2024 16:06:02 - INFO - SimCSE -   batch_idx: 10400, loss:   0.000045
06/16/2024 16:06:12 - INFO - SimCSE -   batch_idx: 10450, loss:   0.000063
06/16/2024 16:06:21 - INFO - SimCSE -   batch_idx: 10500, loss:   0.000061
06/16/2024 16:06:30 - INFO - SimCSE -   batch_idx: 10550, loss:   0.000067
06/16/2024 16:06:40 - INFO - SimCSE -   batch_idx: 10600, loss:   0.000046
06/16/2024 16:06:49 - INFO - SimCSE -   batch_idx: 10650, loss:   0.000528
06/16/2024 16:06:59 - INFO - SimCSE -   batch_idx: 10700, loss:   0.000060
06/16/2024 16:07:08 - INFO - SimCSE -   batch_idx: 10750, loss:   0.000068
06/16/2024 16:07:18 - INFO - SimCSE -   batch_idx: 10800, loss:   0.000163
06/16/2024 16:07:27 - INFO - SimCSE -   batch_idx: 10850, loss:   0.000049
06/16/2024 16:07:36 - INFO - SimCSE -   batch_idx: 10900, loss:   0.000067
06/16/2024 16:07:46 - INFO - SimCSE -   batch_idx: 10950, loss:   0.000056
06/16/2024 16:07:55 - INFO - SimCSE -   batch_idx: 11000, loss:   0.000038
06/16/2024 16:08:05 - INFO - SimCSE -   batch_idx: 11050, loss:   0.000143
06/16/2024 16:08:14 - INFO - SimCSE -   batch_idx: 11100, loss:   0.000050
06/16/2024 16:08:23 - INFO - SimCSE -   batch_idx: 11150, loss:   0.000025
06/16/2024 16:08:34 - INFO - SimCSE -   batch_idx: 11200, loss:   0.000066
06/16/2024 16:08:43 - INFO - SimCSE -   batch_idx: 11250, loss:   0.000049
06/16/2024 16:08:53 - INFO - SimCSE -   batch_idx: 11300, loss:   0.000131
06/16/2024 16:09:02 - INFO - SimCSE -   batch_idx: 11350, loss:   0.000074
06/16/2024 16:09:11 - INFO - SimCSE -   batch_idx: 11400, loss:   0.000054
06/16/2024 16:09:20 - INFO - SimCSE -   batch_idx: 11450, loss:   0.000069
06/16/2024 16:09:30 - INFO - SimCSE -   batch_idx: 11500, loss:   0.000058
06/16/2024 16:09:39 - INFO - SimCSE -   batch_idx: 11550, loss:   0.000027
06/16/2024 16:09:49 - INFO - SimCSE -   batch_idx: 11600, loss:   0.000038
06/16/2024 16:09:58 - INFO - SimCSE -   batch_idx: 11650, loss:   0.000037
06/16/2024 16:10:08 - INFO - SimCSE -   batch_idx: 11700, loss:   0.000040
06/16/2024 16:10:17 - INFO - SimCSE -   batch_idx: 11750, loss:   0.000030
06/16/2024 16:10:27 - INFO - SimCSE -   batch_idx: 11800, loss:   0.000027
06/16/2024 16:10:36 - INFO - SimCSE -   batch_idx: 11850, loss:   0.000028
06/16/2024 16:10:46 - INFO - SimCSE -   batch_idx: 11900, loss:   0.000024
06/16/2024 16:10:57 - INFO - SimCSE -   batch_idx: 11950, loss:   0.000082
06/16/2024 16:11:06 - INFO - SimCSE -   batch_idx: 12000, loss:   0.000234
06/16/2024 16:11:16 - INFO - SimCSE -   batch_idx: 12050, loss:   0.000053
06/16/2024 16:11:25 - INFO - SimCSE -   batch_idx: 12100, loss:   0.000076
06/16/2024 16:11:35 - INFO - SimCSE -   batch_idx: 12150, loss:   0.000039
